<?xml version="1.0" encoding="UTF-8"?>
<!-- Generated by org.testng.reporters.JUnitReportReporter -->
<testsuite hostname="DESKTOP-JG074OP" failures="0" tests="4" name="tests.ProductTest" time="38.094" errors="0" timestamp="2021-07-13T13:53:46 EET" skipped="0">
  <testcase classname="tests.ProductTest" name="productDetails" time="14.335"/>
  <system-out/>
  <testcase classname="tests.ProductTest" name="testLogine" time="12.471"/>
  <system-out/>
  <testcase classname="tests.ProductTest" name="verificationlinktext" time="0.280"/>
  <system-out/>
  <testcase classname="tests.ProductTest" name="dressesPageTest" time="11.008"/>
  <system-out/>
</testsuite> <!-- tests.ProductTest -->
