<?xml version="1.0" encoding="UTF-8"?>
<!-- Generated by org.testng.reporters.JUnitReportReporter -->
<testsuite hostname="DESKTOP-JG074OP" failures="0" tests="1" name="tests.NewTest" time="0.326" errors="0" timestamp="2021-07-13T03:32:01 EET" skipped="0">
  <testcase classname="tests.NewTest" name="f" time="0.326"/>
  <system-out/>
</testsuite> <!-- tests.NewTest -->
