<?xml version="1.0" encoding="UTF-8"?>
<!-- Generated by org.testng.reporters.JUnitReportReporter -->
<testsuite hostname="DESKTOP-JG074OP" failures="0" tests="4" name="tests.RegistrationTest" time="36.473" errors="0" timestamp="2021-07-13T13:52:10 EET" skipped="0">
  <testcase classname="tests.RegistrationTest" name="clickCreateAnAccount" time="2.914"/>
  <system-out/>
  <testcase classname="tests.RegistrationTest" name="userRegistrationTest" time="19.091"/>
  <system-out/>
  <testcase classname="tests.RegistrationTest" name="myAccountassertion" time="4.373"/>
  <system-out/>
  <testcase classname="tests.RegistrationTest" name="openSignInPage" time="10.095"/>
  <system-out/>
</testsuite> <!-- tests.RegistrationTest -->
