<?xml version="1.0" encoding="UTF-8"?>
<!-- Generated by org.testng.reporters.JUnitReportReporter -->
<testsuite hostname="DESKTOP-JG074OP" failures="0" tests="4" name="tests.TestBase" time="20.501" errors="0" timestamp="2021-07-11T11:16:17 EET" skipped="0">
  <testcase classname="tests.TestBase" name="openSignInPage" time="4.259"/>
  <system-out/>
  <testcase classname="tests.TestBase" name="myAccountassertion" time="3.253"/>
  <system-out/>
  <testcase classname="tests.TestBase" name="clickCreateAnAccount" time="0.313"/>
  <system-out/>
  <testcase classname="tests.TestBase" name="userRegistrationTest" time="12.676"/>
  <system-out/>
</testsuite> <!-- tests.TestBase -->
